<?xml version="1.0" encoding="UTF-8"?>
<!-- Generated by org.testng.reporters.JUnitReportReporter -->
<testsuite skipped="0" hostname="DESKTOP-QJPEN10" name="DataProvider.login_detail_xlsx" tests="2" failures="0" timestamp="2023-12-19T11:29:31 IST" time="9.952" errors="0">
  <testcase name="details" time="5.537" classname="DataProvider.login_detail_xlsx"/>
  <system-out/>
  <testcase name="details" time="4.415" classname="DataProvider.login_detail_xlsx"/>
  <system-out/>
</testsuite> <!-- DataProvider.login_detail_xlsx -->
