<?xml version="1.0" encoding="UTF-8"?>
<!-- Generated by org.testng.reporters.JUnitReportReporter -->
<testsuite skipped="0" hostname="DESKTOP-QJPEN10" name="food.zomato" tests="1" failures="0" timestamp="2023-12-14T12:13:43 IST" time="2.833" errors="0">
  <testcase name="zomat" time="2.833" classname="food.zomato"/>
  <system-out/>
</testsuite> <!-- food.zomato -->
