<?xml version="1.0" encoding="UTF-8"?>
<!-- Generated by org.testng.reporters.JUnitReportReporter -->
<testsuite skipped="2" hostname="DESKTOP-QJPEN10" name="TestNG.enabled" tests="3" failures="0" timestamp="2023-12-14T12:13:43 IST" time="3.741" errors="0">
  <testcase name="toyota" time="3.741" classname="TestNG.enabled"/>
  <system-out/>
  <testcase name="swift" classname="TestNG.enabled">
    <skipped/>
  </testcase> <!-- swift -->
  <system-out/>
  <testcase name="tata" classname="TestNG.enabled">
    <skipped/>
  </testcase> <!-- tata -->
  <system-out/>
</testsuite> <!-- TestNG.enabled -->
