<?xml version="1.0" encoding="UTF-8"?>
<!-- Generated by org.testng.reporters.JUnitReportReporter -->
<testsuite skipped="0" hostname="DESKTOP-QJPEN10" name="DataProvider.url" tests="3" failures="0" timestamp="2023-12-19T10:10:49 IST" time="54.952" errors="0">
  <testcase name="passurl" time="17.147" classname="DataProvider.url"/>
  <system-out/>
  <testcase name="passurl" time="5.220" classname="DataProvider.url"/>
  <system-out/>
  <testcase name="passurl" time="32.585" classname="DataProvider.url"/>
  <system-out/>
</testsuite> <!-- DataProvider.url -->
