<?xml version="1.0" encoding="UTF-8"?>
<!-- Generated by org.testng.reporters.JUnitReportReporter -->
<testsuite skipped="0" hostname="DESKTOP-QJPEN10" name="food.foodpanda" tests="1" failures="0" timestamp="2023-12-14T12:13:43 IST" time="7.221" errors="0">
  <testcase name="foodpand" time="7.221" classname="food.foodpanda"/>
  <system-out/>
</testsuite> <!-- food.foodpanda -->
