<?xml version="1.0" encoding="UTF-8"?>
<!-- Generated by org.testng.reporters.JUnitReportReporter -->
<testsuite skipped="0" hostname="DESKTOP-QJPEN10" name="configure.Base_script" tests="2" failures="0" timestamp="2023-12-18T09:36:43 IST" time="0.016" errors="0">
  <testcase name="shop" time="0.005" classname="configure.Base_script"/>
  <system-out>
from shop class  </system-out>
  <testcase name="run" time="0.011" classname="configure.Base_script"/>
  <system-out>
from run class  </system-out>
</testsuite> <!-- configure.Base_script -->
