<?xml version="1.0" encoding="UTF-8"?>
<!-- Generated by org.testng.reporters.JUnitReportReporter -->
<testsuite skipped="0" hostname="DESKTOP-QJPEN10" name="CrossBrowser.swiggy" tests="2" failures="0" timestamp="2023-12-15T12:11:08 IST" time="55.567" errors="0">
  <testcase name="swigg" time="24.322" classname="CrossBrowser.swiggy"/>
  <system-out/>
  <testcase name="swigg" time="31.245" classname="CrossBrowser.swiggy"/>
  <system-out/>
</testsuite> <!-- CrossBrowser.swiggy -->
