<?xml version="1.0" encoding="UTF-8"?>
<!-- Generated by org.testng.reporters.JUnitReportReporter -->
<testsuite skipped="0" hostname="DESKTOP-QJPEN10" name="TestNG.dependsOnMethod" tests="4" failures="0" timestamp="2023-12-13T17:39:38 IST" time="71.607" errors="0">
  <testcase name="zomato" time="9.494" classname="TestNG.dependsOnMethod"/>
  <system-out/>
  <testcase name="swiggy" time="19.778" classname="TestNG.dependsOnMethod"/>
  <system-out/>
  <testcase name="foodpanda" time="18.537" classname="TestNG.dependsOnMethod"/>
  <system-out/>
  <testcase name="blinkit" time="23.798" classname="TestNG.dependsOnMethod"/>
  <system-out/>
</testsuite> <!-- TestNG.dependsOnMethod -->
