<?xml version="1.0" encoding="UTF-8"?>
<!-- Generated by org.testng.reporters.JUnitReportReporter -->
<testsuite skipped="0" hostname="DESKTOP-QJPEN10" name="CrossBrowser.mykhana" tests="2" failures="0" timestamp="2023-12-15T12:11:08 IST" time="76.343" errors="0">
  <testcase name="mykhanna" time="31.916" classname="CrossBrowser.mykhana"/>
  <system-out/>
  <testcase name="mykhanna" time="44.427" classname="CrossBrowser.mykhana"/>
  <system-out/>
</testsuite> <!-- CrossBrowser.mykhana -->
