<?xml version="1.0" encoding="UTF-8"?>
<!-- Generated by org.testng.reporters.JUnitReportReporter -->
<testsuite skipped="0" hostname="DESKTOP-QJPEN10" name="TestNG.Launch_browser" tests="3" failures="0" timestamp="2023-12-13T17:39:38 IST" time="45.753" errors="0">
  <testcase name="tata" time="8.493" classname="TestNG.Launch_browser"/>
  <system-out/>
  <testcase name="toyota" time="3.551" classname="TestNG.Launch_browser"/>
  <system-out/>
  <testcase name="swift" time="33.709" classname="TestNG.Launch_browser"/>
  <system-out/>
</testsuite> <!-- TestNG.Launch_browser -->
