<?xml version="1.0" encoding="UTF-8"?>
<!-- Generated by org.testng.reporters.JUnitReportReporter -->
<testsuite skipped="0" hostname="DESKTOP-QJPEN10" name="food.blinkit" tests="1" failures="0" timestamp="2023-12-14T12:13:43 IST" time="13.962" errors="0">
  <testcase name="blink" time="13.962" classname="food.blinkit"/>
  <system-out/>
</testsuite> <!-- food.blinkit -->
