<?xml version="1.0" encoding="UTF-8"?>
<!-- Generated by org.testng.reporters.JUnitReportReporter -->
<testsuite skipped="0" hostname="DESKTOP-QJPEN10" name="TestNG.Threadpoolsize" tests="5" failures="0" timestamp="2023-12-13T17:39:38 IST" time="119.382" errors="0">
  <testcase name="swift" time="29.407" classname="TestNG.Threadpoolsize"/>
  <system-out/>
  <testcase name="swift" time="26.138" classname="TestNG.Threadpoolsize"/>
  <system-out/>
  <testcase name="swift" time="20.071" classname="TestNG.Threadpoolsize"/>
  <system-out/>
  <testcase name="swift" time="34.541" classname="TestNG.Threadpoolsize"/>
  <system-out/>
  <testcase name="tata" time="9.225" classname="TestNG.Threadpoolsize"/>
  <system-out/>
</testsuite> <!-- TestNG.Threadpoolsize -->
