<?xml version="1.0" encoding="UTF-8"?>
<!-- Generated by org.testng.reporters.JUnitReportReporter -->
<testsuite skipped="0" hostname="DESKTOP-QJPEN10" name="CrossBrowser.cross" tests="2" failures="0" timestamp="2023-12-15T12:11:07 IST" time="44.929" errors="0">
  <testcase name="blink" time="31.870" classname="CrossBrowser.cross"/>
  <system-out/>
  <testcase name="blink" time="13.059" classname="CrossBrowser.cross"/>
  <system-out/>
</testsuite> <!-- CrossBrowser.cross -->
