<?xml version="1.0" encoding="UTF-8"?>
<!-- Generated by org.testng.reporters.JUnitReportReporter -->
<testsuite skipped="0" hostname="DESKTOP-QJPEN10" name="configure.generic" tests="3" failures="0" timestamp="2023-12-18T09:36:43 IST" time="0.033" errors="0">
  <testcase name="add" time="0.014" classname="configure.generic"/>
  <system-out>
from add class  </system-out>
  <testcase name="run" time="0.012" classname="configure.generic"/>
  <system-out>
from run class  </system-out>
  <testcase name="shop" time="0.007" classname="configure.generic"/>
  <system-out>
from shop class  </system-out>
</testsuite> <!-- configure.generic -->
