<?xml version="1.0" encoding="UTF-8"?>
<!-- Generated by org.testng.reporters.JUnitReportReporter -->
<testsuite skipped="0" hostname="DESKTOP-QJPEN10" name="DataProvider.Base_script_dataprovider" tests="3" failures="0" timestamp="2023-12-19T10:21:18 IST" time="27.308" errors="0">
  <testcase name="testingUsername" time="7.603" classname="DataProvider.Base_script_dataprovider"/>
  <system-out/>
  <testcase name="testingUsername" time="7.444" classname="DataProvider.Base_script_dataprovider"/>
  <system-out/>
  <testcase name="testingUsername" time="12.261" classname="DataProvider.Base_script_dataprovider"/>
  <system-out/>
</testsuite> <!-- DataProvider.Base_script_dataprovider -->
