<?xml version="1.0" encoding="UTF-8"?>
<!-- Generated by org.testng.reporters.JUnitReportReporter -->
<testsuite skipped="0" hostname="DESKTOP-QJPEN10" name="CrossBrowser.zomat" tests="2" failures="0" timestamp="2023-12-15T12:11:08 IST" time="27.774" errors="0">
  <testcase name="zomato" time="21.412" classname="CrossBrowser.zomat"/>
  <system-out/>
  <testcase name="zomato" time="6.362" classname="CrossBrowser.zomat"/>
  <system-out/>
</testsuite> <!-- CrossBrowser.zomat -->
