<?xml version="1.0" encoding="UTF-8"?>
<!-- Generated by org.testng.reporters.JUnitReportReporter -->
<testsuite skipped="0" hostname="DESKTOP-QJPEN10" name="TestNG.launchInvocationcount" tests="5" failures="0" timestamp="2023-12-13T17:39:38 IST" time="139.681" errors="0">
  <testcase name="tata" time="22.929" classname="TestNG.launchInvocationcount"/>
  <system-out/>
  <testcase name="toyota" time="10.958" classname="TestNG.launchInvocationcount"/>
  <system-out/>
  <testcase name="swift" time="16.406" classname="TestNG.launchInvocationcount"/>
  <system-out/>
  <testcase name="swift" time="49.141" classname="TestNG.launchInvocationcount"/>
  <system-out/>
  <testcase name="swift" time="40.247" classname="TestNG.launchInvocationcount"/>
  <system-out/>
</testsuite> <!-- TestNG.launchInvocationcount -->
