<?xml version="1.0" encoding="UTF-8"?>
<!-- Generated by org.testng.reporters.JUnitReportReporter -->
<testsuite skipped="0" hostname="DESKTOP-QJPEN10" name="CrossBrowser.foofpanda" tests="2" failures="0" timestamp="2023-12-15T12:11:08 IST" time="27.463" errors="0">
  <testcase name="foodpand" time="9.575" classname="CrossBrowser.foofpanda"/>
  <system-out/>
  <testcase name="foodpand" time="17.888" classname="CrossBrowser.foofpanda"/>
  <system-out/>
</testsuite> <!-- CrossBrowser.foofpanda -->
