<?xml version="1.0" encoding="UTF-8"?>
<!-- Generated by org.testng.reporters.JUnitReportReporter -->
<testsuite skipped="0" hostname="DESKTOP-QJPEN10" name="DataProvider.login_DWS" tests="2" failures="0" timestamp="2023-12-19T11:23:16 IST" time="13.087" errors="0">
  <testcase name="details" time="6.308" classname="DataProvider.login_DWS"/>
  <system-out/>
  <testcase name="details" time="6.779" classname="DataProvider.login_DWS"/>
  <system-out/>
</testsuite> <!-- DataProvider.login_DWS -->
